Using pre-set license
Built from '2021.1/staging' branch; Version is '2021.1.12f1 (afcadd793de6) revision 11520733'; Using compiler version '192528614'; Build Type 'Release'
OS: 'Windows 10 Pro; OS build 19043.1052; Version 2009; 64bit' Language: 'es' Physical Memory: 16312 MB
BatchMode: 1, IsHumanControllingUs: 0, StartBugReporterOnCrash: 0, Is64bit: 1, IsPro: 0

 COMMAND LINE ARGUMENTS:
C:\Program Files\Unity\Hub\Editor\2021.1.12f1\Editor\Unity.exe
-adb2
-batchMode
-noUpm
-name
AssetImportWorker0
-projectPath
J:/Unity/Proyectos/MyPracticeProjects/TestRXTask
-logFile
Logs/AssetImportWorker0.log
-srvPort
62010
Successfully changed project path to: J:/Unity/Proyectos/MyPracticeProjects/TestRXTask
J:/Unity/Proyectos/MyPracticeProjects/TestRXTask
Using Asset Import Pipeline V2.
Refreshing native plugins compatible for Editor in 130.78 ms, found 2 plugins.
Preloading 0 native plugins for Editor in 0.00 ms.
Initialize engine version: 2021.1.12f1 (afcadd793de6)
[Subsystems] Discovering subsystems at path C:/Program Files/Unity/Hub/Editor/2021.1.12f1/Editor/Data/Resources/UnitySubsystems
[Subsystems] Discovering subsystems at path J:/Unity/Proyectos/MyPracticeProjects/TestRXTask/Assets
GfxDevice: creating device client; threaded=0; jobified=0
Direct3D:
    Version:  Direct3D 11.0 [level 11.1]
    Renderer: NVIDIA GeForce GTX 970 (ID=0x13c2)
    Vendor:   NVIDIA
    VRAM:     4043 MB
    Driver:   27.21.14.6647
Initialize mono
Mono path[0] = 'C:/Program Files/Unity/Hub/Editor/2021.1.12f1/Editor/Data/Managed'
Mono path[1] = 'C:/Program Files/Unity/Hub/Editor/2021.1.12f1/Editor/Data/MonoBleedingEdge/lib/mono/unityjit'
Mono config path = 'C:/Program Files/Unity/Hub/Editor/2021.1.12f1/Editor/Data/MonoBleedingEdge/etc'
Using monoOptions --debugger-agent=transport=dt_socket,embedding=1,server=y,suspend=n,address=127.0.0.1:56636
Begin MonoManager ReloadAssembly
Registering precompiled unity dll's ...
Register platform support module: C:/Program Files/Unity/Hub/Editor/2021.1.12f1/Editor/Data/PlaybackEngines/WindowsStandaloneSupport/UnityEditor.WindowsStandalone.Extensions.dll
Registered in 0.003942 seconds.
Native extension for WindowsStandalone target not found
Refreshing native plugins compatible for Editor in 116.38 ms, found 2 plugins.
Preloading 0 native plugins for Editor in 0.00 ms.
Mono: successfully reloaded assembly
- Completed reload, in  2.420 seconds
Domain Reload Profiling:
	ReloadAssembly (2421ms)
		BeginReloadAssembly (94ms)
			ExecutionOrderSort (0ms)
			DisableScriptedObjects (0ms)
			BackupInstance (0ms)
			ReleaseScriptingObjects (0ms)
			CreateAndSetChildDomain (1ms)
		EndReloadAssembly (684ms)
			LoadAssemblies (89ms)
			RebuildTransferFunctionScriptingTraits (0ms)
			SetupTypeCache (236ms)
			ReleaseScriptCaches (0ms)
			RebuildScriptCaches (48ms)
			SetupLoadedEditorAssemblies (331ms)
				LogAssemblyErrors (0ms)
				InitializePlatformSupportModulesInManaged (10ms)
				SetLoadedEditorAssemblies (0ms)
				RefreshPlugins (116ms)
				BeforeProcessingInitializeOnLoad (2ms)
				ProcessInitializeOnLoadAttributes (157ms)
				ProcessInitializeOnLoadMethodAttributes (45ms)
				AfterProcessingInitializeOnLoad (0ms)
				EditorAssembliesLoaded (0ms)
			ExecutionOrderSort2 (0ms)
			AwakeInstancesAfterBackupRestoration (0ms)
Platform modules already initialized, skipping
Registering precompiled user dll's ...
Registered in 0.026511 seconds.
Begin MonoManager ReloadAssembly
Native extension for WindowsStandalone target not found
Refreshing native plugins compatible for Editor in 118.72 ms, found 2 plugins.
Preloading 0 native plugins for Editor in 0.00 ms.
Plugin 'Ludiq.PeekCore' has generated assets in a special Unity folder that makes it compile first.
This might cause issues with generated assets. Path:
J:\Unity\Proyectos\MyPracticeProjects\TestRXTask\Assets\Plugins\Ludiq.Generated
UnityEngine.StackTraceUtility:ExtractStackTrace ()
UnityEngine.DebugLogHandler:LogFormat (UnityEngine.LogType,UnityEngine.Object,string,object[])
UnityEngine.Logger:Log (UnityEngine.LogType,object)
UnityEngine.Debug:LogWarning (object)
Ludiq.PeekCore.PluginPaths:get_generatedRoot () (at Assets/Plugins/Ludiq/Ludiq.PeekCore/Editor/Plugins/PluginPaths.cs:51)
Ludiq.PeekCore.PluginPaths:get_persistentGenerated () (at Assets/Plugins/Ludiq/Ludiq.PeekCore/Editor/Plugins/PluginPaths.cs:67)
Ludiq.PeekCore.PluginPaths:get_projectSettings () (at Assets/Plugins/Ludiq/Ludiq.PeekCore/Editor/Plugins/PluginPaths.cs:65)
Ludiq.PeekCore.PluginConfiguration:get_projectSettingsStoragePath () (at Assets/Plugins/Ludiq/Ludiq.PeekCore/Editor/Plugins/PluginConfiguration.cs:281)
Ludiq.PeekCore.PluginConfiguration:LoadProjectSettings () (at Assets/Plugins/Ludiq/Ludiq.PeekCore/Editor/Plugins/PluginConfiguration.cs:287)
Ludiq.PeekCore.PluginConfiguration:Load () (at Assets/Plugins/Ludiq/Ludiq.PeekCore/Editor/Plugins/PluginConfiguration.cs:47)
Ludiq.PeekCore.PluginConfiguration:Initialize () (at Assets/Plugins/Ludiq/Ludiq.PeekCore/Editor/Plugins/PluginConfiguration.cs:26)
Ludiq.PeekCore.PluginContainer:Initialize () (at Assets/Plugins/Ludiq/Ludiq.PeekCore/Editor/Plugins/PluginContainer.cs:233)
Ludiq.PeekCore.PluginContainer:.cctor () (at Assets/Plugins/Ludiq/Ludiq.PeekCore/Editor/Plugins/PluginContainer.cs:21)
System.Runtime.CompilerServices.RuntimeHelpers:RunClassConstructor (System.RuntimeTypeHandle)
UnityEditor.EditorAssemblies:ProcessInitializeOnLoadAttributes (System.Type[])

(Filename: Assets/Plugins/Ludiq/Ludiq.PeekCore/Editor/Plugins/PluginPaths.cs Line: 51)

Mono: successfully reloaded assembly
- Completed reload, in  7.063 seconds
Domain Reload Profiling:
	ReloadAssembly (7064ms)
		BeginReloadAssembly (267ms)
			ExecutionOrderSort (0ms)
			DisableScriptedObjects (7ms)
			BackupInstance (0ms)
			ReleaseScriptingObjects (0ms)
			CreateAndSetChildDomain (38ms)
		EndReloadAssembly (6691ms)
			LoadAssemblies (190ms)
			RebuildTransferFunctionScriptingTraits (0ms)
			SetupTypeCache (1021ms)
			ReleaseScriptCaches (1ms)
			RebuildScriptCaches (112ms)
			SetupLoadedEditorAssemblies (5248ms)
				LogAssemblyErrors (0ms)
				InitializePlatformSupportModulesInManaged (6ms)
				SetLoadedEditorAssemblies (1ms)
				RefreshPlugins (119ms)
				BeforeProcessingInitializeOnLoad (98ms)
				ProcessInitializeOnLoadAttributes (4969ms)
				ProcessInitializeOnLoadMethodAttributes (41ms)
				AfterProcessingInitializeOnLoad (14ms)
				EditorAssembliesLoaded (0ms)
			ExecutionOrderSort2 (0ms)
			AwakeInstancesAfterBackupRestoration (10ms)
Platform modules already initialized, skipping
========================================================================
Worker process is ready to serve import requests
Launched and connected shader compiler UnityShaderCompiler.exe after 0.10 seconds
Refreshing native plugins compatible for Editor in 0.94 ms, found 2 plugins.
Preloading 0 native plugins for Editor in 0.00 ms.
Unloading 3997 Unused Serialized files (Serialized files now loaded: 0)
System memory in use before: 184.7 MB.
System memory in use after: 184.9 MB.

Unloading 44 unused Assets to reduce memory usage. Loaded Objects now: 4495.
Total: 43.083100 ms (FindLiveObjects: 0.419500 ms CreateObjectMapping: 0.438800 ms MarkObjects: 42.077600 ms  DeleteObjects: 0.145400 ms)

AssetImportParameters requested are different than current active one (requested -> active):
  custom:framework-win-MediaFoundation: 216162199b28c13a410421893ffa2e32 -> 
  custom:video-decoder-ogg-theora: a1e56fd34408186e4bbccfd4996cb3dc -> 
  custom:container-muxer-webm: aa71ff27fc2769a1b78a27578f13a17b -> 
  custom:container-demuxer-webm: 4f35f7cbe854078d1ac9338744f61a02 -> 
  custom:container-demuxer-ogg: 62fdf1f143b41e24485cea50d1cbac27 -> 
  custom:video-encoder-webm-vp8: eb34c28f22e8b96e1ab97ce403110664 -> 
  custom:video-decoder-webm-vp8: 9c59270c3fd7afecdb556c50c9e8de78 -> 
  custom:audio-decoder-ogg-vorbis: bf7c407c2cedff20999df2af8eb42d56 -> 
  custom:audio-encoder-webm-vorbis: bf7c407c2cedff20999df2af8eb42d56 -> 
========================================================================
Received Import Request.
  path: Assets/Code/View/my.View.asmdef
  artifactKey: Guid(ce1b511d7d1155746a123031a214f418) Importer(815301076,1909f56bfc062723c751e8b465ee728b)
Start importing Assets/Code/View/my.View.asmdef using Guid(ce1b511d7d1155746a123031a214f418) Importer(815301076,1909f56bfc062723c751e8b465ee728b)  -> (artifact id: '838fc29b83016128c131fd14ec1fe3c1') in 0.039134 seconds 
========================================================================
Received Import Request.
  Time since last request: 37.027349 seconds.
  path: Assets/Code/Domain/my.Domain.asmdef
  artifactKey: Guid(bc03be7ec7c1ad2469692f7f9e0989d2) Importer(815301076,1909f56bfc062723c751e8b465ee728b)
Start importing Assets/Code/Domain/my.Domain.asmdef using Guid(bc03be7ec7c1ad2469692f7f9e0989d2) Importer(815301076,1909f56bfc062723c751e8b465ee728b)  -> (artifact id: 'ad0e3310f5f64b7356f5b881b60c18cf') in 0.006712 seconds 
========================================================================
Received Prepare
Registering precompiled user dll's ...
Registered in 0.021765 seconds.
Begin MonoManager ReloadAssembly
Native extension for WindowsStandalone target not found
Refreshing native plugins compatible for Editor in 1.05 ms, found 2 plugins.
Preloading 0 native plugins for Editor in 0.00 ms.
Plugin 'Ludiq.PeekCore' has generated assets in a special Unity folder that makes it compile first.
This might cause issues with generated assets. Path:
J:\Unity\Proyectos\MyPracticeProjects\TestRXTask\Assets\Plugins\Ludiq.Generated
UnityEngine.StackTraceUtility:ExtractStackTrace ()
UnityEngine.DebugLogHandler:LogFormat (UnityEngine.LogType,UnityEngine.Object,string,object[])
UnityEngine.Logger:Log (UnityEngine.LogType,object)
UnityEngine.Debug:LogWarning (object)
Ludiq.PeekCore.PluginPaths:get_generatedRoot () (at Assets/Plugins/Ludiq/Ludiq.PeekCore/Editor/Plugins/PluginPaths.cs:51)
Ludiq.PeekCore.PluginPaths:get_persistentGenerated () (at Assets/Plugins/Ludiq/Ludiq.PeekCore/Editor/Plugins/PluginPaths.cs:67)
Ludiq.PeekCore.PluginPaths:get_projectSettings () (at Assets/Plugins/Ludiq/Ludiq.PeekCore/Editor/Plugins/PluginPaths.cs:65)
Ludiq.PeekCore.PluginConfiguration:get_projectSettingsStoragePath () (at Assets/Plugins/Ludiq/Ludiq.PeekCore/Editor/Plugins/PluginConfiguration.cs:281)
Ludiq.PeekCore.PluginConfiguration:LoadProjectSettings () (at Assets/Plugins/Ludiq/Ludiq.PeekCore/Editor/Plugins/PluginConfiguration.cs:287)
Ludiq.PeekCore.PluginConfiguration:Load () (at Assets/Plugins/Ludiq/Ludiq.PeekCore/Editor/Plugins/PluginConfiguration.cs:47)
Ludiq.PeekCore.PluginConfiguration:Initialize () (at Assets/Plugins/Ludiq/Ludiq.PeekCore/Editor/Plugins/PluginConfiguration.cs:26)
Ludiq.PeekCore.PluginContainer:Initialize () (at Assets/Plugins/Ludiq/Ludiq.PeekCore/Editor/Plugins/PluginContainer.cs:233)
Ludiq.PeekCore.PluginContainer:.cctor () (at Assets/Plugins/Ludiq/Ludiq.PeekCore/Editor/Plugins/PluginContainer.cs:21)
System.Runtime.CompilerServices.RuntimeHelpers:RunClassConstructor (System.RuntimeTypeHandle)
UnityEditor.EditorAssemblies:ProcessInitializeOnLoadAttributes (System.Type[])

(Filename: Assets/Plugins/Ludiq/Ludiq.PeekCore/Editor/Plugins/PluginPaths.cs Line: 51)

Mono: successfully reloaded assembly
- Completed reload, in  5.508 seconds
Domain Reload Profiling:
	ReloadAssembly (5508ms)
		BeginReloadAssembly (337ms)
			ExecutionOrderSort (0ms)
			DisableScriptedObjects (7ms)
			BackupInstance (0ms)
			ReleaseScriptingObjects (23ms)
			CreateAndSetChildDomain (134ms)
		EndReloadAssembly (5071ms)
			LoadAssemblies (169ms)
			RebuildTransferFunctionScriptingTraits (0ms)
			SetupTypeCache (683ms)
			ReleaseScriptCaches (2ms)
			RebuildScriptCaches (155ms)
			SetupLoadedEditorAssemblies (3502ms)
				LogAssemblyErrors (0ms)
				InitializePlatformSupportModulesInManaged (7ms)
				SetLoadedEditorAssemblies (0ms)
				RefreshPlugins (1ms)
				BeforeProcessingInitializeOnLoad (84ms)
				ProcessInitializeOnLoadAttributes (3360ms)
				ProcessInitializeOnLoadMethodAttributes (31ms)
				AfterProcessingInitializeOnLoad (18ms)
				EditorAssembliesLoaded (1ms)
			ExecutionOrderSort2 (0ms)
			AwakeInstancesAfterBackupRestoration (10ms)
Platform modules already initialized, skipping
Refreshing native plugins compatible for Editor in 0.91 ms, found 2 plugins.
Preloading 0 native plugins for Editor in 0.00 ms.
Unloading 3961 Unused Serialized files (Serialized files now loaded: 0)
System memory in use before: 201.0 MB.
System memory in use after: 201.2 MB.

Unloading 37 unused Assets to reduce memory usage. Loaded Objects now: 4498.
Total: 48.683100 ms (FindLiveObjects: 0.322800 ms CreateObjectMapping: 0.206200 ms MarkObjects: 48.050800 ms  DeleteObjects: 0.101800 ms)

AssetImportParameters requested are different than current active one (requested -> active):
  custom:framework-win-MediaFoundation: 216162199b28c13a410421893ffa2e32 -> 
  custom:video-decoder-ogg-theora: a1e56fd34408186e4bbccfd4996cb3dc -> 
  custom:container-muxer-webm: aa71ff27fc2769a1b78a27578f13a17b -> 
  custom:container-demuxer-webm: 4f35f7cbe854078d1ac9338744f61a02 -> 
  custom:container-demuxer-ogg: 62fdf1f143b41e24485cea50d1cbac27 -> 
  custom:video-encoder-webm-vp8: eb34c28f22e8b96e1ab97ce403110664 -> 
  custom:video-decoder-webm-vp8: 9c59270c3fd7afecdb556c50c9e8de78 -> 
  custom:audio-decoder-ogg-vorbis: bf7c407c2cedff20999df2af8eb42d56 -> 
  custom:audio-encoder-webm-vorbis: bf7c407c2cedff20999df2af8eb42d56 -> 
========================================================================
Received Import Request.
  Time since last request: 86.263546 seconds.
  path: Assets/Code/ApplicationLayer/my.ApplicationLayer.asmdef
  artifactKey: Guid(e25e10c227ada2d45926eb3449544cc6) Importer(815301076,1909f56bfc062723c751e8b465ee728b)
Start importing Assets/Code/ApplicationLayer/my.ApplicationLayer.asmdef using Guid(e25e10c227ada2d45926eb3449544cc6) Importer(815301076,1909f56bfc062723c751e8b465ee728b)  -> (artifact id: 'a5fc00c76454dd92651a524b6d392cae') in 0.017710 seconds 
========================================================================
Received Prepare
Registering precompiled user dll's ...
Registered in 0.022234 seconds.
Begin MonoManager ReloadAssembly
Native extension for WindowsStandalone target not found
Refreshing native plugins compatible for Editor in 3.14 ms, found 2 plugins.
Preloading 0 native plugins for Editor in 0.00 ms.
Plugin 'Ludiq.PeekCore' has generated assets in a special Unity folder that makes it compile first.
This might cause issues with generated assets. Path:
J:\Unity\Proyectos\MyPracticeProjects\TestRXTask\Assets\Plugins\Ludiq.Generated
UnityEngine.StackTraceUtility:ExtractStackTrace ()
UnityEngine.DebugLogHandler:LogFormat (UnityEngine.LogType,UnityEngine.Object,string,object[])
UnityEngine.Logger:Log (UnityEngine.LogType,object)
UnityEngine.Debug:LogWarning (object)
Ludiq.PeekCore.PluginPaths:get_generatedRoot () (at Assets/Plugins/Ludiq/Ludiq.PeekCore/Editor/Plugins/PluginPaths.cs:51)
Ludiq.PeekCore.PluginPaths:get_persistentGenerated () (at Assets/Plugins/Ludiq/Ludiq.PeekCore/Editor/Plugins/PluginPaths.cs:67)
Ludiq.PeekCore.PluginPaths:get_projectSettings () (at Assets/Plugins/Ludiq/Ludiq.PeekCore/Editor/Plugins/PluginPaths.cs:65)
Ludiq.PeekCore.PluginConfiguration:get_projectSettingsStoragePath () (at Assets/Plugins/Ludiq/Ludiq.PeekCore/Editor/Plugins/PluginConfiguration.cs:281)
Ludiq.PeekCore.PluginConfiguration:LoadProjectSettings () (at Assets/Plugins/Ludiq/Ludiq.PeekCore/Editor/Plugins/PluginConfiguration.cs:287)
Ludiq.PeekCore.PluginConfiguration:Load () (at Assets/Plugins/Ludiq/Ludiq.PeekCore/Editor/Plugins/PluginConfiguration.cs:47)
Ludiq.PeekCore.PluginConfiguration:Initialize () (at Assets/Plugins/Ludiq/Ludiq.PeekCore/Editor/Plugins/PluginConfiguration.cs:26)
Ludiq.PeekCore.PluginContainer:Initialize () (at Assets/Plugins/Ludiq/Ludiq.PeekCore/Editor/Plugins/PluginContainer.cs:233)
Ludiq.PeekCore.PluginContainer:.cctor () (at Assets/Plugins/Ludiq/Ludiq.PeekCore/Editor/Plugins/PluginContainer.cs:21)
System.Runtime.CompilerServices.RuntimeHelpers:RunClassConstructor (System.RuntimeTypeHandle)
UnityEditor.EditorAssemblies:ProcessInitializeOnLoadAttributes (System.Type[])

(Filename: Assets/Plugins/Ludiq/Ludiq.PeekCore/Editor/Plugins/PluginPaths.cs Line: 51)

Mono: successfully reloaded assembly
- Completed reload, in  5.252 seconds
Domain Reload Profiling:
	ReloadAssembly (5253ms)
		BeginReloadAssembly (359ms)
			ExecutionOrderSort (0ms)
			DisableScriptedObjects (8ms)
			BackupInstance (0ms)
			ReleaseScriptingObjects (0ms)
			CreateAndSetChildDomain (174ms)
		EndReloadAssembly (4797ms)
			LoadAssemblies (166ms)
			RebuildTransferFunctionScriptingTraits (0ms)
			SetupTypeCache (683ms)
			ReleaseScriptCaches (2ms)
			RebuildScriptCaches (71ms)
			SetupLoadedEditorAssemblies (3343ms)
				LogAssemblyErrors (0ms)
				InitializePlatformSupportModulesInManaged (5ms)
				SetLoadedEditorAssemblies (0ms)
				RefreshPlugins (3ms)
				BeforeProcessingInitializeOnLoad (81ms)
				ProcessInitializeOnLoadAttributes (3210ms)
				ProcessInitializeOnLoadMethodAttributes (28ms)
				AfterProcessingInitializeOnLoad (14ms)
				EditorAssembliesLoaded (1ms)
			ExecutionOrderSort2 (0ms)
			AwakeInstancesAfterBackupRestoration (9ms)
Platform modules already initialized, skipping
Refreshing native plugins compatible for Editor in 1.08 ms, found 2 plugins.
Preloading 0 native plugins for Editor in 0.00 ms.
Unloading 3961 Unused Serialized files (Serialized files now loaded: 0)
System memory in use before: 201.1 MB.
System memory in use after: 201.3 MB.

Unloading 37 unused Assets to reduce memory usage. Loaded Objects now: 4501.
Total: 45.801200 ms (FindLiveObjects: 0.417100 ms CreateObjectMapping: 0.375100 ms MarkObjects: 44.902200 ms  DeleteObjects: 0.105300 ms)

AssetImportParameters requested are different than current active one (requested -> active):
  custom:framework-win-MediaFoundation: 216162199b28c13a410421893ffa2e32 -> 
  custom:video-decoder-ogg-theora: a1e56fd34408186e4bbccfd4996cb3dc -> 
  custom:container-muxer-webm: aa71ff27fc2769a1b78a27578f13a17b -> 
  custom:container-demuxer-webm: 4f35f7cbe854078d1ac9338744f61a02 -> 
  custom:container-demuxer-ogg: 62fdf1f143b41e24485cea50d1cbac27 -> 
  custom:video-encoder-webm-vp8: eb34c28f22e8b96e1ab97ce403110664 -> 
  custom:video-decoder-webm-vp8: 9c59270c3fd7afecdb556c50c9e8de78 -> 
  custom:audio-decoder-ogg-vorbis: bf7c407c2cedff20999df2af8eb42d56 -> 
  custom:audio-encoder-webm-vorbis: bf7c407c2cedff20999df2af8eb42d56 -> 
========================================================================
Received Import Request.
  Time since last request: 193.610996 seconds.
  path: Assets/Code/ApplicationLayer/my.ApplicationLayer.asmdef
  artifactKey: Guid(e25e10c227ada2d45926eb3449544cc6) Importer(815301076,1909f56bfc062723c751e8b465ee728b)
Start importing Assets/Code/ApplicationLayer/my.ApplicationLayer.asmdef using Guid(e25e10c227ada2d45926eb3449544cc6) Importer(815301076,1909f56bfc062723c751e8b465ee728b)  -> (artifact id: '86a275b77e5ab1f8de21e7b99eda50cd') in 0.012050 seconds 
========================================================================
Received Prepare
Registering precompiled user dll's ...
Registered in 0.023417 seconds.
Begin MonoManager ReloadAssembly
Native extension for WindowsStandalone target not found
Refreshing native plugins compatible for Editor in 1.48 ms, found 2 plugins.
Preloading 0 native plugins for Editor in 0.00 ms.
Plugin 'Ludiq.PeekCore' has generated assets in a special Unity folder that makes it compile first.
This might cause issues with generated assets. Path:
J:\Unity\Proyectos\MyPracticeProjects\TestRXTask\Assets\Plugins\Ludiq.Generated
UnityEngine.StackTraceUtility:ExtractStackTrace ()
UnityEngine.DebugLogHandler:LogFormat (UnityEngine.LogType,UnityEngine.Object,string,object[])
UnityEngine.Logger:Log (UnityEngine.LogType,object)
UnityEngine.Debug:LogWarning (object)
Ludiq.PeekCore.PluginPaths:get_generatedRoot () (at Assets/Plugins/Ludiq/Ludiq.PeekCore/Editor/Plugins/PluginPaths.cs:51)
Ludiq.PeekCore.PluginPaths:get_persistentGenerated () (at Assets/Plugins/Ludiq/Ludiq.PeekCore/Editor/Plugins/PluginPaths.cs:67)
Ludiq.PeekCore.PluginPaths:get_projectSettings () (at Assets/Plugins/Ludiq/Ludiq.PeekCore/Editor/Plugins/PluginPaths.cs:65)
Ludiq.PeekCore.PluginConfiguration:get_projectSettingsStoragePath () (at Assets/Plugins/Ludiq/Ludiq.PeekCore/Editor/Plugins/PluginConfiguration.cs:281)
Ludiq.PeekCore.PluginConfiguration:LoadProjectSettings () (at Assets/Plugins/Ludiq/Ludiq.PeekCore/Editor/Plugins/PluginConfiguration.cs:287)
Ludiq.PeekCore.PluginConfiguration:Load () (at Assets/Plugins/Ludiq/Ludiq.PeekCore/Editor/Plugins/PluginConfiguration.cs:47)
Ludiq.PeekCore.PluginConfiguration:Initialize () (at Assets/Plugins/Ludiq/Ludiq.PeekCore/Editor/Plugins/PluginConfiguration.cs:26)
Ludiq.PeekCore.PluginContainer:Initialize () (at Assets/Plugins/Ludiq/Ludiq.PeekCore/Editor/Plugins/PluginContainer.cs:233)
Ludiq.PeekCore.PluginContainer:.cctor () (at Assets/Plugins/Ludiq/Ludiq.PeekCore/Editor/Plugins/PluginContainer.cs:21)
System.Runtime.CompilerServices.RuntimeHelpers:RunClassConstructor (System.RuntimeTypeHandle)
UnityEditor.EditorAssemblies:ProcessInitializeOnLoadAttributes (System.Type[])

(Filename: Assets/Plugins/Ludiq/Ludiq.PeekCore/Editor/Plugins/PluginPaths.cs Line: 51)

Mono: successfully reloaded assembly
- Completed reload, in  5.125 seconds
Domain Reload Profiling:
	ReloadAssembly (5126ms)
		BeginReloadAssembly (299ms)
			ExecutionOrderSort (0ms)
			DisableScriptedObjects (8ms)
			BackupInstance (0ms)
			ReleaseScriptingObjects (0ms)
			CreateAndSetChildDomain (118ms)
		EndReloadAssembly (4734ms)
			LoadAssemblies (180ms)
			RebuildTransferFunctionScriptingTraits (0ms)
			SetupTypeCache (654ms)
			ReleaseScriptCaches (2ms)
			RebuildScriptCaches (72ms)
			SetupLoadedEditorAssemblies (3310ms)
				LogAssemblyErrors (0ms)
				InitializePlatformSupportModulesInManaged (6ms)
				SetLoadedEditorAssemblies (1ms)
				RefreshPlugins (2ms)
				BeforeProcessingInitializeOnLoad (79ms)
				ProcessInitializeOnLoadAttributes (3179ms)
				ProcessInitializeOnLoadMethodAttributes (28ms)
				AfterProcessingInitializeOnLoad (15ms)
				EditorAssembliesLoaded (1ms)
			ExecutionOrderSort2 (0ms)
			AwakeInstancesAfterBackupRestoration (9ms)
Platform modules already initialized, skipping
Refreshing native plugins compatible for Editor in 0.91 ms, found 2 plugins.
Preloading 0 native plugins for Editor in 0.00 ms.
Unloading 3961 Unused Serialized files (Serialized files now loaded: 0)
System memory in use before: 201.2 MB.
System memory in use after: 201.4 MB.

Unloading 37 unused Assets to reduce memory usage. Loaded Objects now: 4504.
Total: 49.175700 ms (FindLiveObjects: 0.422900 ms CreateObjectMapping: 0.427900 ms MarkObjects: 48.217000 ms  DeleteObjects: 0.106300 ms)

AssetImportParameters requested are different than current active one (requested -> active):
  custom:framework-win-MediaFoundation: 216162199b28c13a410421893ffa2e32 -> 
  custom:video-decoder-ogg-theora: a1e56fd34408186e4bbccfd4996cb3dc -> 
  custom:container-muxer-webm: aa71ff27fc2769a1b78a27578f13a17b -> 
  custom:container-demuxer-webm: 4f35f7cbe854078d1ac9338744f61a02 -> 
  custom:container-demuxer-ogg: 62fdf1f143b41e24485cea50d1cbac27 -> 
  custom:video-encoder-webm-vp8: eb34c28f22e8b96e1ab97ce403110664 -> 
  custom:video-decoder-webm-vp8: 9c59270c3fd7afecdb556c50c9e8de78 -> 
  custom:audio-decoder-ogg-vorbis: bf7c407c2cedff20999df2af8eb42d56 -> 
  custom:audio-encoder-webm-vorbis: bf7c407c2cedff20999df2af8eb42d56 -> 
========================================================================
Received Prepare
Registering precompiled user dll's ...
Registered in 0.025577 seconds.
Begin MonoManager ReloadAssembly
Native extension for WindowsStandalone target not found
Refreshing native plugins compatible for Editor in 1.08 ms, found 2 plugins.
Preloading 0 native plugins for Editor in 0.00 ms.
Plugin 'Ludiq.PeekCore' has generated assets in a special Unity folder that makes it compile first.
This might cause issues with generated assets. Path:
J:\Unity\Proyectos\MyPracticeProjects\TestRXTask\Assets\Plugins\Ludiq.Generated
UnityEngine.StackTraceUtility:ExtractStackTrace ()
UnityEngine.DebugLogHandler:LogFormat (UnityEngine.LogType,UnityEngine.Object,string,object[])
UnityEngine.Logger:Log (UnityEngine.LogType,object)
UnityEngine.Debug:LogWarning (object)
Ludiq.PeekCore.PluginPaths:get_generatedRoot () (at Assets/Plugins/Ludiq/Ludiq.PeekCore/Editor/Plugins/PluginPaths.cs:51)
Ludiq.PeekCore.PluginPaths:get_persistentGenerated () (at Assets/Plugins/Ludiq/Ludiq.PeekCore/Editor/Plugins/PluginPaths.cs:67)
Ludiq.PeekCore.PluginPaths:get_projectSettings () (at Assets/Plugins/Ludiq/Ludiq.PeekCore/Editor/Plugins/PluginPaths.cs:65)
Ludiq.PeekCore.PluginConfiguration:get_projectSettingsStoragePath () (at Assets/Plugins/Ludiq/Ludiq.PeekCore/Editor/Plugins/PluginConfiguration.cs:281)
Ludiq.PeekCore.PluginConfiguration:LoadProjectSettings () (at Assets/Plugins/Ludiq/Ludiq.PeekCore/Editor/Plugins/PluginConfiguration.cs:287)
Ludiq.PeekCore.PluginConfiguration:Load () (at Assets/Plugins/Ludiq/Ludiq.PeekCore/Editor/Plugins/PluginConfiguration.cs:47)
Ludiq.PeekCore.PluginConfiguration:Initialize () (at Assets/Plugins/Ludiq/Ludiq.PeekCore/Editor/Plugins/PluginConfiguration.cs:26)
Ludiq.PeekCore.PluginContainer:Initialize () (at Assets/Plugins/Ludiq/Ludiq.PeekCore/Editor/Plugins/PluginContainer.cs:233)
Ludiq.PeekCore.PluginContainer:.cctor () (at Assets/Plugins/Ludiq/Ludiq.PeekCore/Editor/Plugins/PluginContainer.cs:21)
System.Runtime.CompilerServices.RuntimeHelpers:RunClassConstructor (System.RuntimeTypeHandle)
UnityEditor.EditorAssemblies:ProcessInitializeOnLoadAttributes (System.Type[])

(Filename: Assets/Plugins/Ludiq/Ludiq.PeekCore/Editor/Plugins/PluginPaths.cs Line: 51)

Mono: successfully reloaded assembly
- Completed reload, in  6.009 seconds
Domain Reload Profiling:
	ReloadAssembly (6009ms)
		BeginReloadAssembly (352ms)
			ExecutionOrderSort (0ms)
			DisableScriptedObjects (8ms)
			BackupInstance (0ms)
			ReleaseScriptingObjects (0ms)
			CreateAndSetChildDomain (129ms)
		EndReloadAssembly (5555ms)
			LoadAssemblies (236ms)
			RebuildTransferFunctionScriptingTraits (0ms)
			SetupTypeCache (796ms)
			ReleaseScriptCaches (2ms)
			RebuildScriptCaches (123ms)
			SetupLoadedEditorAssemblies (3650ms)
				LogAssemblyErrors (0ms)
				InitializePlatformSupportModulesInManaged (7ms)
				SetLoadedEditorAssemblies (1ms)
				RefreshPlugins (1ms)
				BeforeProcessingInitializeOnLoad (100ms)
				ProcessInitializeOnLoadAttributes (3496ms)
				ProcessInitializeOnLoadMethodAttributes (30ms)
				AfterProcessingInitializeOnLoad (14ms)
				EditorAssembliesLoaded (1ms)
			ExecutionOrderSort2 (0ms)
			AwakeInstancesAfterBackupRestoration (10ms)
Platform modules already initialized, skipping
Refreshing native plugins compatible for Editor in 0.89 ms, found 2 plugins.
Preloading 0 native plugins for Editor in 0.00 ms.
Unloading 3961 Unused Serialized files (Serialized files now loaded: 0)
System memory in use before: 201.2 MB.
System memory in use after: 201.4 MB.

Unloading 37 unused Assets to reduce memory usage. Loaded Objects now: 4507.
Total: 49.680500 ms (FindLiveObjects: 0.471500 ms CreateObjectMapping: 0.414300 ms MarkObjects: 48.568400 ms  DeleteObjects: 0.223700 ms)

AssetImportParameters requested are different than current active one (requested -> active):
  custom:framework-win-MediaFoundation: 216162199b28c13a410421893ffa2e32 -> 
  custom:video-decoder-ogg-theora: a1e56fd34408186e4bbccfd4996cb3dc -> 
  custom:container-muxer-webm: aa71ff27fc2769a1b78a27578f13a17b -> 
  custom:container-demuxer-webm: 4f35f7cbe854078d1ac9338744f61a02 -> 
  custom:container-demuxer-ogg: 62fdf1f143b41e24485cea50d1cbac27 -> 
  custom:video-encoder-webm-vp8: eb34c28f22e8b96e1ab97ce403110664 -> 
  custom:video-decoder-webm-vp8: 9c59270c3fd7afecdb556c50c9e8de78 -> 
  custom:audio-decoder-ogg-vorbis: bf7c407c2cedff20999df2af8eb42d56 -> 
  custom:audio-encoder-webm-vorbis: bf7c407c2cedff20999df2af8eb42d56 -> 
========================================================================
Received Import Request.
  Time since last request: 433.620649 seconds.
  path: Assets/Code/InterfaceAdapters/my.InterfaceAdapters.asmdef
  artifactKey: Guid(b5a628e0f6e5ce24e96598e9c5d700f1) Importer(815301076,1909f56bfc062723c751e8b465ee728b)
Start importing Assets/Code/InterfaceAdapters/my.InterfaceAdapters.asmdef using Guid(b5a628e0f6e5ce24e96598e9c5d700f1) Importer(815301076,1909f56bfc062723c751e8b465ee728b)  -> (artifact id: '4bc253fcc321ccaa5dfec09b3a15e7bd') in 0.010907 seconds 
========================================================================
Received Import Request.
  Time since last request: 69.420246 seconds.
  path: Assets/Code/SharedTypes/my.SharedTypes.asmdef
  artifactKey: Guid(b0cd5426f47fbaf4d822d18fc606ea3d) Importer(815301076,1909f56bfc062723c751e8b465ee728b)
Start importing Assets/Code/SharedTypes/my.SharedTypes.asmdef using Guid(b0cd5426f47fbaf4d822d18fc606ea3d) Importer(815301076,1909f56bfc062723c751e8b465ee728b)  -> (artifact id: '61115c268b5d050b86d47694030b912f') in 0.007900 seconds 
========================================================================
Received Prepare
Registering precompiled user dll's ...
Registered in 0.025906 seconds.
Begin MonoManager ReloadAssembly
Native extension for WindowsStandalone target not found
Refreshing native plugins compatible for Editor in 0.89 ms, found 2 plugins.
Preloading 0 native plugins for Editor in 0.00 ms.
Plugin 'Ludiq.PeekCore' has generated assets in a special Unity folder that makes it compile first.
This might cause issues with generated assets. Path:
J:\Unity\Proyectos\MyPracticeProjects\TestRXTask\Assets\Plugins\Ludiq.Generated
UnityEngine.StackTraceUtility:ExtractStackTrace ()
UnityEngine.DebugLogHandler:LogFormat (UnityEngine.LogType,UnityEngine.Object,string,object[])
UnityEngine.Logger:Log (UnityEngine.LogType,object)
UnityEngine.Debug:LogWarning (object)
Ludiq.PeekCore.PluginPaths:get_generatedRoot () (at Assets/Plugins/Ludiq/Ludiq.PeekCore/Editor/Plugins/PluginPaths.cs:51)
Ludiq.PeekCore.PluginPaths:get_persistentGenerated () (at Assets/Plugins/Ludiq/Ludiq.PeekCore/Editor/Plugins/PluginPaths.cs:67)
Ludiq.PeekCore.PluginPaths:get_projectSettings () (at Assets/Plugins/Ludiq/Ludiq.PeekCore/Editor/Plugins/PluginPaths.cs:65)
Ludiq.PeekCore.PluginConfiguration:get_projectSettingsStoragePath () (at Assets/Plugins/Ludiq/Ludiq.PeekCore/Editor/Plugins/PluginConfiguration.cs:281)
Ludiq.PeekCore.PluginConfiguration:LoadProjectSettings () (at Assets/Plugins/Ludiq/Ludiq.PeekCore/Editor/Plugins/PluginConfiguration.cs:287)
Ludiq.PeekCore.PluginConfiguration:Load () (at Assets/Plugins/Ludiq/Ludiq.PeekCore/Editor/Plugins/PluginConfiguration.cs:47)
Ludiq.PeekCore.PluginConfiguration:Initialize () (at Assets/Plugins/Ludiq/Ludiq.PeekCore/Editor/Plugins/PluginConfiguration.cs:26)
Ludiq.PeekCore.PluginContainer:Initialize () (at Assets/Plugins/Ludiq/Ludiq.PeekCore/Editor/Plugins/PluginContainer.cs:233)
Ludiq.PeekCore.PluginContainer:.cctor () (at Assets/Plugins/Ludiq/Ludiq.PeekCore/Editor/Plugins/PluginContainer.cs:21)
System.Runtime.CompilerServices.RuntimeHelpers:RunClassConstructor (System.RuntimeTypeHandle)
UnityEditor.EditorAssemblies:ProcessInitializeOnLoadAttributes (System.Type[])

(Filename: Assets/Plugins/Ludiq/Ludiq.PeekCore/Editor/Plugins/PluginPaths.cs Line: 51)

Mono: successfully reloaded assembly
- Completed reload, in  5.726 seconds
Domain Reload Profiling:
	ReloadAssembly (5726ms)
		BeginReloadAssembly (334ms)
			ExecutionOrderSort (0ms)
			DisableScriptedObjects (8ms)
			BackupInstance (0ms)
			ReleaseScriptingObjects (0ms)
			CreateAndSetChildDomain (158ms)
		EndReloadAssembly (5292ms)
			LoadAssemblies (184ms)
			RebuildTransferFunctionScriptingTraits (0ms)
			SetupTypeCache (721ms)
			ReleaseScriptCaches (2ms)
			RebuildScriptCaches (72ms)
			SetupLoadedEditorAssemblies (3793ms)
				LogAssemblyErrors (0ms)
				InitializePlatformSupportModulesInManaged (5ms)
				SetLoadedEditorAssemblies (0ms)
				RefreshPlugins (1ms)
				BeforeProcessingInitializeOnLoad (81ms)
				ProcessInitializeOnLoadAttributes (3661ms)
				ProcessInitializeOnLoadMethodAttributes (30ms)
				AfterProcessingInitializeOnLoad (14ms)
				EditorAssembliesLoaded (1ms)
			ExecutionOrderSort2 (0ms)
			AwakeInstancesAfterBackupRestoration (9ms)
Platform modules already initialized, skipping
Refreshing native plugins compatible for Editor in 1.23 ms, found 2 plugins.
Preloading 0 native plugins for Editor in 0.00 ms.
Unloading 3961 Unused Serialized files (Serialized files now loaded: 0)
System memory in use before: 201.2 MB.
System memory in use after: 201.4 MB.

Unloading 37 unused Assets to reduce memory usage. Loaded Objects now: 4510.
Total: 46.587300 ms (FindLiveObjects: 0.317300 ms CreateObjectMapping: 0.193400 ms MarkObjects: 45.965700 ms  DeleteObjects: 0.109200 ms)

AssetImportParameters requested are different than current active one (requested -> active):
  custom:framework-win-MediaFoundation: 216162199b28c13a410421893ffa2e32 -> 
  custom:video-decoder-ogg-theora: a1e56fd34408186e4bbccfd4996cb3dc -> 
  custom:container-muxer-webm: aa71ff27fc2769a1b78a27578f13a17b -> 
  custom:container-demuxer-webm: 4f35f7cbe854078d1ac9338744f61a02 -> 
  custom:container-demuxer-ogg: 62fdf1f143b41e24485cea50d1cbac27 -> 
  custom:video-encoder-webm-vp8: eb34c28f22e8b96e1ab97ce403110664 -> 
  custom:video-decoder-webm-vp8: 9c59270c3fd7afecdb556c50c9e8de78 -> 
  custom:audio-decoder-ogg-vorbis: bf7c407c2cedff20999df2af8eb42d56 -> 
  custom:audio-encoder-webm-vorbis: bf7c407c2cedff20999df2af8eb42d56 -> 
========================================================================
Received Import Request.
  Time since last request: 174.006981 seconds.
  path: Assets/Code/InterfaceAdapters/my.InterfaceAdapters.asmdef
  artifactKey: Guid(b5a628e0f6e5ce24e96598e9c5d700f1) Importer(815301076,1909f56bfc062723c751e8b465ee728b)
Start importing Assets/Code/InterfaceAdapters/my.InterfaceAdapters.asmdef using Guid(b5a628e0f6e5ce24e96598e9c5d700f1) Importer(815301076,1909f56bfc062723c751e8b465ee728b)  -> (artifact id: 'cb973e424022c3af3104b41643b5c434') in 0.018606 seconds 
========================================================================
Received Prepare
Registering precompiled user dll's ...
Registered in 0.023415 seconds.
Begin MonoManager ReloadAssembly
Native extension for WindowsStandalone target not found
Refreshing native plugins compatible for Editor in 1.29 ms, found 2 plugins.
Preloading 0 native plugins for Editor in 0.00 ms.
Plugin 'Ludiq.PeekCore' has generated assets in a special Unity folder that makes it compile first.
This might cause issues with generated assets. Path:
J:\Unity\Proyectos\MyPracticeProjects\TestRXTask\Assets\Plugins\Ludiq.Generated
UnityEngine.StackTraceUtility:ExtractStackTrace ()
UnityEngine.DebugLogHandler:LogFormat (UnityEngine.LogType,UnityEngine.Object,string,object[])
UnityEngine.Logger:Log (UnityEngine.LogType,object)
UnityEngine.Debug:LogWarning (object)
Ludiq.PeekCore.PluginPaths:get_generatedRoot () (at Assets/Plugins/Ludiq/Ludiq.PeekCore/Editor/Plugins/PluginPaths.cs:51)
Ludiq.PeekCore.PluginPaths:get_persistentGenerated () (at Assets/Plugins/Ludiq/Ludiq.PeekCore/Editor/Plugins/PluginPaths.cs:67)
Ludiq.PeekCore.PluginPaths:get_projectSettings () (at Assets/Plugins/Ludiq/Ludiq.PeekCore/Editor/Plugins/PluginPaths.cs:65)
Ludiq.PeekCore.PluginConfiguration:get_projectSettingsStoragePath () (at Assets/Plugins/Ludiq/Ludiq.PeekCore/Editor/Plugins/PluginConfiguration.cs:281)
Ludiq.PeekCore.PluginConfiguration:LoadProjectSettings () (at Assets/Plugins/Ludiq/Ludiq.PeekCore/Editor/Plugins/PluginConfiguration.cs:287)
Ludiq.PeekCore.PluginConfiguration:Load () (at Assets/Plugins/Ludiq/Ludiq.PeekCore/Editor/Plugins/PluginConfiguration.cs:47)
Ludiq.PeekCore.PluginConfiguration:Initialize () (at Assets/Plugins/Ludiq/Ludiq.PeekCore/Editor/Plugins/PluginConfiguration.cs:26)
Ludiq.PeekCore.PluginContainer:Initialize () (at Assets/Plugins/Ludiq/Ludiq.PeekCore/Editor/Plugins/PluginContainer.cs:233)
Ludiq.PeekCore.PluginContainer:.cctor () (at Assets/Plugins/Ludiq/Ludiq.PeekCore/Editor/Plugins/PluginContainer.cs:21)
System.Runtime.CompilerServices.RuntimeHelpers:RunClassConstructor (System.RuntimeTypeHandle)
UnityEditor.EditorAssemblies:ProcessInitializeOnLoadAttributes (System.Type[])

(Filename: Assets/Plugins/Ludiq/Ludiq.PeekCore/Editor/Plugins/PluginPaths.cs Line: 51)

Mono: successfully reloaded assembly
- Completed reload, in  6.086 seconds
Domain Reload Profiling:
	ReloadAssembly (6087ms)
		BeginReloadAssembly (655ms)
			ExecutionOrderSort (0ms)
			DisableScriptedObjects (7ms)
			BackupInstance (0ms)
			ReleaseScriptingObjects (0ms)
			CreateAndSetChildDomain (264ms)
		EndReloadAssembly (5310ms)
			LoadAssemblies (285ms)
			RebuildTransferFunctionScriptingTraits (0ms)
			SetupTypeCache (898ms)
			ReleaseScriptCaches (2ms)
			RebuildScriptCaches (78ms)
			SetupLoadedEditorAssemblies (3539ms)
				LogAssemblyErrors (0ms)
				InitializePlatformSupportModulesInManaged (12ms)
				SetLoadedEditorAssemblies (1ms)
				RefreshPlugins (1ms)
				BeforeProcessingInitializeOnLoad (91ms)
				ProcessInitializeOnLoadAttributes (3384ms)
				ProcessInitializeOnLoadMethodAttributes (27ms)
				AfterProcessingInitializeOnLoad (21ms)
				EditorAssembliesLoaded (3ms)
			ExecutionOrderSort2 (0ms)
			AwakeInstancesAfterBackupRestoration (11ms)
Platform modules already initialized, skipping
Refreshing native plugins compatible for Editor in 1.08 ms, found 2 plugins.
Preloading 0 native plugins for Editor in 0.00 ms.
Unloading 3961 Unused Serialized files (Serialized files now loaded: 0)
System memory in use before: 201.2 MB.
System memory in use after: 201.4 MB.

Unloading 37 unused Assets to reduce memory usage. Loaded Objects now: 4513.
Total: 48.599200 ms (FindLiveObjects: 0.853500 ms CreateObjectMapping: 0.902500 ms MarkObjects: 46.731500 ms  DeleteObjects: 0.110200 ms)

AssetImportParameters requested are different than current active one (requested -> active):
  custom:framework-win-MediaFoundation: 216162199b28c13a410421893ffa2e32 -> 
  custom:video-decoder-ogg-theora: a1e56fd34408186e4bbccfd4996cb3dc -> 
  custom:container-muxer-webm: aa71ff27fc2769a1b78a27578f13a17b -> 
  custom:container-demuxer-webm: 4f35f7cbe854078d1ac9338744f61a02 -> 
  custom:container-demuxer-ogg: 62fdf1f143b41e24485cea50d1cbac27 -> 
  custom:video-encoder-webm-vp8: eb34c28f22e8b96e1ab97ce403110664 -> 
  custom:video-decoder-webm-vp8: 9c59270c3fd7afecdb556c50c9e8de78 -> 
  custom:audio-decoder-ogg-vorbis: bf7c407c2cedff20999df2af8eb42d56 -> 
  custom:audio-encoder-webm-vorbis: bf7c407c2cedff20999df2af8eb42d56 -> 
========================================================================
Received Import Request.
  Time since last request: 103.381718 seconds.
  path: Assets/Code/View/my.View.asmdef
  artifactKey: Guid(ce1b511d7d1155746a123031a214f418) Importer(815301076,1909f56bfc062723c751e8b465ee728b)
Start importing Assets/Code/View/my.View.asmdef using Guid(ce1b511d7d1155746a123031a214f418) Importer(815301076,1909f56bfc062723c751e8b465ee728b)  -> (artifact id: 'dd6029be2c53f12d6d0aa056a3d09e6c') in 0.014243 seconds 
========================================================================
Received Prepare
Registering precompiled user dll's ...
Registered in 0.061626 seconds.
Begin MonoManager ReloadAssembly
Native extension for WindowsStandalone target not found
Refreshing native plugins compatible for Editor in 0.97 ms, found 2 plugins.
Preloading 0 native plugins for Editor in 0.00 ms.
Plugin 'Ludiq.PeekCore' has generated assets in a special Unity folder that makes it compile first.
This might cause issues with generated assets. Path:
J:\Unity\Proyectos\MyPracticeProjects\TestRXTask\Assets\Plugins\Ludiq.Generated
UnityEngine.StackTraceUtility:ExtractStackTrace ()
UnityEngine.DebugLogHandler:LogFormat (UnityEngine.LogType,UnityEngine.Object,string,object[])
UnityEngine.Logger:Log (UnityEngine.LogType,object)
UnityEngine.Debug:LogWarning (object)
Ludiq.PeekCore.PluginPaths:get_generatedRoot () (at Assets/Plugins/Ludiq/Ludiq.PeekCore/Editor/Plugins/PluginPaths.cs:51)
Ludiq.PeekCore.PluginPaths:get_persistentGenerated () (at Assets/Plugins/Ludiq/Ludiq.PeekCore/Editor/Plugins/PluginPaths.cs:67)
Ludiq.PeekCore.PluginPaths:get_projectSettings () (at Assets/Plugins/Ludiq/Ludiq.PeekCore/Editor/Plugins/PluginPaths.cs:65)
Ludiq.PeekCore.PluginConfiguration:get_projectSettingsStoragePath () (at Assets/Plugins/Ludiq/Ludiq.PeekCore/Editor/Plugins/PluginConfiguration.cs:281)
Ludiq.PeekCore.PluginConfiguration:LoadProjectSettings () (at Assets/Plugins/Ludiq/Ludiq.PeekCore/Editor/Plugins/PluginConfiguration.cs:287)
Ludiq.PeekCore.PluginConfiguration:Load () (at Assets/Plugins/Ludiq/Ludiq.PeekCore/Editor/Plugins/PluginConfiguration.cs:47)
Ludiq.PeekCore.PluginConfiguration:Initialize () (at Assets/Plugins/Ludiq/Ludiq.PeekCore/Editor/Plugins/PluginConfiguration.cs:26)
Ludiq.PeekCore.PluginContainer:Initialize () (at Assets/Plugins/Ludiq/Ludiq.PeekCore/Editor/Plugins/PluginContainer.cs:233)
Ludiq.PeekCore.PluginContainer:.cctor () (at Assets/Plugins/Ludiq/Ludiq.PeekCore/Editor/Plugins/PluginContainer.cs:21)
System.Runtime.CompilerServices.RuntimeHelpers:RunClassConstructor (System.RuntimeTypeHandle)
UnityEditor.EditorAssemblies:ProcessInitializeOnLoadAttributes (System.Type[])

(Filename: Assets/Plugins/Ludiq/Ludiq.PeekCore/Editor/Plugins/PluginPaths.cs Line: 51)

Mono: successfully reloaded assembly
- Completed reload, in  5.761 seconds
Domain Reload Profiling:
	ReloadAssembly (5761ms)
		BeginReloadAssembly (341ms)
			ExecutionOrderSort (0ms)
			DisableScriptedObjects (9ms)
			BackupInstance (0ms)
			ReleaseScriptingObjects (0ms)
			CreateAndSetChildDomain (153ms)
		EndReloadAssembly (5263ms)
			LoadAssemblies (316ms)
			RebuildTransferFunctionScriptingTraits (0ms)
			SetupTypeCache (1025ms)
			ReleaseScriptCaches (2ms)
			RebuildScriptCaches (68ms)
			SetupLoadedEditorAssemblies (3324ms)
				LogAssemblyErrors (0ms)
				InitializePlatformSupportModulesInManaged (8ms)
				SetLoadedEditorAssemblies (0ms)
				RefreshPlugins (1ms)
				BeforeProcessingInitializeOnLoad (83ms)
				ProcessInitializeOnLoadAttributes (3164ms)
				ProcessInitializeOnLoadMethodAttributes (53ms)
				AfterProcessingInitializeOnLoad (15ms)
				EditorAssembliesLoaded (1ms)
			ExecutionOrderSort2 (0ms)
			AwakeInstancesAfterBackupRestoration (9ms)
Platform modules already initialized, skipping
Refreshing native plugins compatible for Editor in 1.16 ms, found 2 plugins.
Preloading 0 native plugins for Editor in 0.00 ms.
Unloading 3961 Unused Serialized files (Serialized files now loaded: 0)
System memory in use before: 201.2 MB.
System memory in use after: 201.5 MB.

Unloading 37 unused Assets to reduce memory usage. Loaded Objects now: 4516.
Total: 47.221600 ms (FindLiveObjects: 0.484100 ms CreateObjectMapping: 0.394000 ms MarkObjects: 46.198300 ms  DeleteObjects: 0.143600 ms)

AssetImportParameters requested are different than current active one (requested -> active):
  custom:framework-win-MediaFoundation: 216162199b28c13a410421893ffa2e32 -> 
  custom:video-decoder-ogg-theora: a1e56fd34408186e4bbccfd4996cb3dc -> 
  custom:container-muxer-webm: aa71ff27fc2769a1b78a27578f13a17b -> 
  custom:container-demuxer-webm: 4f35f7cbe854078d1ac9338744f61a02 -> 
  custom:container-demuxer-ogg: 62fdf1f143b41e24485cea50d1cbac27 -> 
  custom:video-encoder-webm-vp8: eb34c28f22e8b96e1ab97ce403110664 -> 
  custom:video-decoder-webm-vp8: 9c59270c3fd7afecdb556c50c9e8de78 -> 
  custom:audio-decoder-ogg-vorbis: bf7c407c2cedff20999df2af8eb42d56 -> 
  custom:audio-encoder-webm-vorbis: bf7c407c2cedff20999df2af8eb42d56 -> 
========================================================================
Received Import Request.
  Time since last request: 287.345581 seconds.
  path: Assets/Code/SystemUtility/my.SystemUtility.asmdef
  artifactKey: Guid(dd40ac41e48489843adcf98a9172c3f7) Importer(815301076,1909f56bfc062723c751e8b465ee728b)
Start importing Assets/Code/SystemUtility/my.SystemUtility.asmdef using Guid(dd40ac41e48489843adcf98a9172c3f7) Importer(815301076,1909f56bfc062723c751e8b465ee728b)  -> (artifact id: '39e5469e4b2d76b70d5759ccc58ea267') in 0.015454 seconds 
========================================================================
Received Prepare
Registering precompiled user dll's ...
Registered in 0.022834 seconds.
Begin MonoManager ReloadAssembly
Native extension for WindowsStandalone target not found
Refreshing native plugins compatible for Editor in 0.93 ms, found 2 plugins.
Preloading 0 native plugins for Editor in 0.00 ms.
Plugin 'Ludiq.PeekCore' has generated assets in a special Unity folder that makes it compile first.
This might cause issues with generated assets. Path:
J:\Unity\Proyectos\MyPracticeProjects\TestRXTask\Assets\Plugins\Ludiq.Generated
UnityEngine.StackTraceUtility:ExtractStackTrace ()
UnityEngine.DebugLogHandler:LogFormat (UnityEngine.LogType,UnityEngine.Object,string,object[])
UnityEngine.Logger:Log (UnityEngine.LogType,object)
UnityEngine.Debug:LogWarning (object)
Ludiq.PeekCore.PluginPaths:get_generatedRoot () (at Assets/Plugins/Ludiq/Ludiq.PeekCore/Editor/Plugins/PluginPaths.cs:51)
Ludiq.PeekCore.PluginPaths:get_persistentGenerated () (at Assets/Plugins/Ludiq/Ludiq.PeekCore/Editor/Plugins/PluginPaths.cs:67)
Ludiq.PeekCore.PluginPaths:get_projectSettings () (at Assets/Plugins/Ludiq/Ludiq.PeekCore/Editor/Plugins/PluginPaths.cs:65)
Ludiq.PeekCore.PluginConfiguration:get_projectSettingsStoragePath () (at Assets/Plugins/Ludiq/Ludiq.PeekCore/Editor/Plugins/PluginConfiguration.cs:281)
Ludiq.PeekCore.PluginConfiguration:LoadProjectSettings () (at Assets/Plugins/Ludiq/Ludiq.PeekCore/Editor/Plugins/PluginConfiguration.cs:287)
Ludiq.PeekCore.PluginConfiguration:Load () (at Assets/Plugins/Ludiq/Ludiq.PeekCore/Editor/Plugins/PluginConfiguration.cs:47)
Ludiq.PeekCore.PluginConfiguration:Initialize () (at Assets/Plugins/Ludiq/Ludiq.PeekCore/Editor/Plugins/PluginConfiguration.cs:26)
Ludiq.PeekCore.PluginContainer:Initialize () (at Assets/Plugins/Ludiq/Ludiq.PeekCore/Editor/Plugins/PluginContainer.cs:233)
Ludiq.PeekCore.PluginContainer:.cctor () (at Assets/Plugins/Ludiq/Ludiq.PeekCore/Editor/Plugins/PluginContainer.cs:21)
System.Runtime.CompilerServices.RuntimeHelpers:RunClassConstructor (System.RuntimeTypeHandle)
UnityEditor.EditorAssemblies:ProcessInitializeOnLoadAttributes (System.Type[])

(Filename: Assets/Plugins/Ludiq/Ludiq.PeekCore/Editor/Plugins/PluginPaths.cs Line: 51)

Mono: successfully reloaded assembly
- Completed reload, in  5.206 seconds
Domain Reload Profiling:
	ReloadAssembly (5207ms)
		BeginReloadAssembly (291ms)
			ExecutionOrderSort (0ms)
			DisableScriptedObjects (7ms)
			BackupInstance (0ms)
			ReleaseScriptingObjects (0ms)
			CreateAndSetChildDomain (117ms)
		EndReloadAssembly (4819ms)
			LoadAssemblies (172ms)
			RebuildTransferFunctionScriptingTraits (0ms)
			SetupTypeCache (707ms)
			ReleaseScriptCaches (2ms)
			RebuildScriptCaches (68ms)
			SetupLoadedEditorAssemblies (3335ms)
				LogAssemblyErrors (0ms)
				InitializePlatformSupportModulesInManaged (5ms)
				SetLoadedEditorAssemblies (0ms)
				RefreshPlugins (1ms)
				BeforeProcessingInitializeOnLoad (79ms)
				ProcessInitializeOnLoadAttributes (3205ms)
				ProcessInitializeOnLoadMethodAttributes (28ms)
				AfterProcessingInitializeOnLoad (15ms)
				EditorAssembliesLoaded (1ms)
			ExecutionOrderSort2 (0ms)
			AwakeInstancesAfterBackupRestoration (8ms)
Platform modules already initialized, skipping
Refreshing native plugins compatible for Editor in 0.89 ms, found 2 plugins.
Preloading 0 native plugins for Editor in 0.00 ms.
Unloading 3961 Unused Serialized files (Serialized files now loaded: 0)
System memory in use before: 201.3 MB.
System memory in use after: 201.5 MB.

Unloading 37 unused Assets to reduce memory usage. Loaded Objects now: 4519.
Total: 51.670700 ms (FindLiveObjects: 0.427400 ms CreateObjectMapping: 0.431200 ms MarkObjects: 50.702400 ms  DeleteObjects: 0.108200 ms)

AssetImportParameters requested are different than current active one (requested -> active):
  custom:framework-win-MediaFoundation: 216162199b28c13a410421893ffa2e32 -> 
  custom:video-decoder-ogg-theora: a1e56fd34408186e4bbccfd4996cb3dc -> 
  custom:container-muxer-webm: aa71ff27fc2769a1b78a27578f13a17b -> 
  custom:container-demuxer-webm: 4f35f7cbe854078d1ac9338744f61a02 -> 
  custom:container-demuxer-ogg: 62fdf1f143b41e24485cea50d1cbac27 -> 
  custom:video-encoder-webm-vp8: eb34c28f22e8b96e1ab97ce403110664 -> 
  custom:video-decoder-webm-vp8: 9c59270c3fd7afecdb556c50c9e8de78 -> 
  custom:audio-decoder-ogg-vorbis: bf7c407c2cedff20999df2af8eb42d56 -> 
  custom:audio-encoder-webm-vorbis: bf7c407c2cedff20999df2af8eb42d56 -> 
